0 info it worked if it ends with ok
1 verbose cli [ 'c:\\program files\\nodejs\\node.exe',
1 verbose cli   'c:\\program files\\nodejs\\node_modules\\npm\\bin\\npm-cli.js',
1 verbose cli   'install',
1 verbose cli   '-g',
1 verbose cli   'bower' ]
2 info using npm@2.14.2
3 info using node@v4.0.0
4 verbose install initial load of C:\Program Files (x86)\Git\local\package.json
5 verbose readDependencies loading dependencies from C:\Program Files (x86)\Git\local\package.json
6 silly cache add args [ 'bower', null ]
7 verbose cache add spec bower
8 silly cache add parsed spec Result {
8 silly cache add   raw: 'bower',
8 silly cache add   scope: null,
8 silly cache add   name: 'bower',
8 silly cache add   rawSpec: '',
8 silly cache add   spec: '*',
8 silly cache add   type: 'range' }
9 silly addNamed bower@*
10 verbose addNamed "*" is a valid semver range for bower
11 silly addNameRange { name: 'bower', range: '*', hasData: false }
12 silly mapToRegistry name bower
13 silly mapToRegistry using default registry
14 silly mapToRegistry registry https://registry.npmjs.org/
15 silly mapToRegistry uri https://registry.npmjs.org/bower
16 verbose addNameRange registry:https://registry.npmjs.org/bower not in flight; fetching
17 verbose request uri https://registry.npmjs.org/bower
18 verbose request no auth needed
19 info attempt registry request try #1 at 10:19:47
20 verbose request id 9331d53dab3c0bdb
21 verbose etag "5POW7DORRTGWOIDH5V0GSB4EG"
22 http request GET https://registry.npmjs.org/bower
23 info retry will retry, error on last attempt: Error: tunneling socket could not be established, cause=getaddrinfo ENOTFOUND proxy proxy:8080
24 info attempt registry request try #2 at 10:20:00
25 verbose etag "5POW7DORRTGWOIDH5V0GSB4EG"
26 http request GET https://registry.npmjs.org/bower
27 info retry will retry, error on last attempt: Error: tunneling socket could not be established, cause=getaddrinfo ENOTFOUND proxy proxy:8080
28 info attempt registry request try #3 at 10:21:02
29 verbose etag "5POW7DORRTGWOIDH5V0GSB4EG"
30 http request GET https://registry.npmjs.org/bower
31 silly get cb [ 304, undefined ]
32 verbose etag https://registry.npmjs.org/bower from cache
33 verbose get saving bower to C:\Users\i312558\AppData\Roaming\npm-cache\registry.npmjs.org\bower\.cache.json
34 silly addNameRange number 2 { name: 'bower', range: '*', hasData: true }
35 silly addNameRange versions [ 'bower',
35 silly addNameRange   [ '0.1.0',
35 silly addNameRange     '0.1.2',
35 silly addNameRange     '0.1.3',
35 silly addNameRange     '0.2.0',
35 silly addNameRange     '0.3.0',
35 silly addNameRange     '0.3.1',
35 silly addNameRange     '0.3.2',
35 silly addNameRange     '0.4.0',
35 silly addNameRange     '0.5.0',
35 silly addNameRange     '0.5.1',
35 silly addNameRange     '0.6.0',
35 silly addNameRange     '0.6.1',
35 silly addNameRange     '0.6.2',
35 silly addNameRange     '0.6.3',
35 silly addNameRange     '0.6.4',
35 silly addNameRange     '0.6.5',
35 silly addNameRange     '0.6.6',
35 silly addNameRange     '0.6.7',
35 silly addNameRange     '0.6.8',
35 silly addNameRange     '0.7.0',
35 silly addNameRange     '0.7.1',
35 silly addNameRange     '0.8.0',
35 silly addNameRange     '0.8.1',
35 silly addNameRange     '0.8.2',
35 silly addNameRange     '0.8.3',
35 silly addNameRange     '0.8.4',
35 silly addNameRange     '0.8.5',
35 silly addNameRange     '0.8.6',
35 silly addNameRange     '0.9.0',
35 silly addNameRange     '0.9.1',
35 silly addNameRange     '0.9.2',
35 silly addNameRange     '0.10.0',
35 silly addNameRange     '1.0.0',
35 silly addNameRange     '1.0.1',
35 silly addNameRange     '1.0.2',
35 silly addNameRange     '1.0.3',
35 silly addNameRange     '1.1.0',
35 silly addNameRange     '1.1.1',
35 silly addNameRange     '1.1.2',
35 silly addNameRange     '1.2.0',
35 silly addNameRange     '1.2.1',
35 silly addNameRange     '1.2.2',
35 silly addNameRange     '1.2.3',
35 silly addNameRange     '1.2.4',
35 silly addNameRange     '1.2.5',
35 silly addNameRange     '1.2.6',
35 silly addNameRange     '1.2.7',
35 silly addNameRange     '1.2.8',
35 silly addNameRange     '1.3.0',
35 silly addNameRange     '1.3.1',
35 silly addNameRange     '1.3.2',
35 silly addNameRange     '1.3.3',
35 silly addNameRange     '1.3.4',
35 silly addNameRange     '1.3.5',
35 silly addNameRange     '1.3.6',
35 silly addNameRange     '1.3.7',
35 silly addNameRange     '1.3.8',
35 silly addNameRange     '1.3.9',
35 silly addNameRange     '1.3.10',
35 silly addNameRange     '1.3.11',
35 silly addNameRange     '1.3.12',
35 silly addNameRange     '1.4.0',
35 silly addNameRange     '1.4.1',
35 silly addNameRange     '1.5.0',
35 silly addNameRange     '1.5.1',
35 silly addNameRange     '1.5.2',
35 silly addNameRange     '1.5.3',
35 silly addNameRange     '1.6.2',
35 silly addNameRange     '1.6.3',
35 silly addNameRange     '1.6.4',
35 silly addNameRange     '1.6.5',
35 silly addNameRange     '1.5.4',
35 silly addNameRange     '1.4.2',
35 silly addNameRange     '1.6.6',
35 silly addNameRange     '1.6.7',
35 silly addNameRange     '1.6.8',
35 silly addNameRange     '1.6.9',
35 silly addNameRange     '1.7.0',
35 silly addNameRange     '1.7.1',
35 silly addNameRange     '1.7.2' ] ]
36 silly addNamed bower@1.7.2
37 verbose addNamed "1.7.2" is a plain semver version for bower
38 silly cache afterAdd bower@1.7.2
39 verbose afterAdd C:\Users\i312558\AppData\Roaming\npm-cache\bower\1.7.2\package\package.json not in flight; writing
40 verbose afterAdd C:\Users\i312558\AppData\Roaming\npm-cache\bower\1.7.2\package\package.json written
41 silly install resolved [ { name: 'bower',
41 silly install resolved     version: '1.7.2',
41 silly install resolved     description: 'The browser package manager',
41 silly install resolved     author: { name: 'Twitter' },
41 silly install resolved     license: 'MIT',
41 silly install resolved     repository: { type: 'git', url: 'git+https://github.com/bower/bower.git' },
41 silly install resolved     main: 'lib',
41 silly install resolved     homepage: 'http://bower.io',
41 silly install resolved     engines: { node: '>=0.10.0' },
41 silly install resolved     keywords: [ 'bower' ],
41 silly install resolved     dependencies:
41 silly install resolved      { abbrev: '^1.0.5',
41 silly install resolved        archy: '1.0.0',
41 silly install resolved        'bower-config': '^1.3.0',
41 silly install resolved        'bower-endpoint-parser': '^0.2.2',
41 silly install resolved        'bower-json': '^0.4.0',
41 silly install resolved        'bower-logger': '^0.2.2',
41 silly install resolved        'bower-registry-client': '^1.0.0',
41 silly install resolved        cardinal: '0.4.4',
41 silly install resolved        chalk: '^1.0.0',
41 silly install resolved        chmodr: '^1.0.2',
41 silly install resolved        configstore: '^0.3.2',
41 silly install resolved        'decompress-zip': '^0.1.0',
41 silly install resolved        destroy: '^1.0.3',
41 silly install resolved        'fs-write-stream-atomic': '1.0.5',
41 silly install resolved        fstream: '^1.0.3',
41 silly install resolved        'fstream-ignore': '^1.0.2',
41 silly install resolved        github: '^0.2.3',
41 silly install resolved        glob: '^4.3.2',
41 silly install resolved        'graceful-fs': '^3.0.5',
41 silly install resolved        handlebars: '^2.0.0',
41 silly install resolved        inquirer: '0.10.0',
41 silly install resolved        insight: '^0.7.0',
41 silly install resolved        'is-root': '^1.0.0',
41 silly install resolved        junk: '^1.0.0',
41 silly install resolved        lockfile: '^1.0.0',
41 silly install resolved        'lru-cache': '^2.5.0',
41 silly install resolved        'md5-hex': '^1.0.2',
41 silly install resolved        mkdirp: '0.5.0',
41 silly install resolved        mout: '^0.11.0',
41 silly install resolved        nopt: '^3.0.1',
41 silly install resolved        opn: '^1.0.1',
41 silly install resolved        'p-throttler': '0.1.1',
41 silly install resolved        promptly: '0.2.0',
41 silly install resolved        q: '^1.1.2',
41 silly install resolved        request: '2.53.0',
41 silly install resolved        'request-progress': '0.3.1',
41 silly install resolved        retry: '0.6.1',
41 silly install resolved        rimraf: '^2.2.8',
41 silly install resolved        semver: '^2.3.0',
41 silly install resolved        'semver-utils': '^1.1.1',
41 silly install resolved        'shell-quote': '^1.4.2',
41 silly install resolved        'stringify-object': '^1.0.0',
41 silly install resolved        'tar-fs': '^1.4.1',
41 silly install resolved        tmp: '0.0.24',
41 silly install resolved        'update-notifier': '^0.6.0',
41 silly install resolved        'user-home': '^1.1.0',
41 silly install resolved        which: '^1.0.8' },
41 silly install resolved     devDependencies:
41 silly install resolved      { chai: '^1.10.0',
41 silly install resolved        coveralls: '^2.11.2',
41 silly install resolved        'expect.js': '^0.3.1',
41 silly install resolved        grunt: '^0.4.5',
41 silly install resolved        'grunt-cli': '^0.1.13',
41 silly install resolved        'grunt-contrib-jshint': '^0.10.0',
41 silly install resolved        'grunt-contrib-watch': '^0.6.1',
41 silly install resolved        'grunt-exec': '^0.4.6',
41 silly install resolved        'grunt-jscs': '^2.3.0',
41 silly install resolved        'grunt-simple-mocha': '^0.4.0',
41 silly install resolved        istanbul: '^0.3.5',
41 silly install resolved        'load-grunt-tasks': '^2.0.0',
41 silly install resolved        mocha: '^2.1.0',
41 silly install resolved        multiline: '^1.0.2',
41 silly install resolved        nock: '^3.1.0',
41 silly install resolved        'node-uuid': '^1.4.2',
41 silly install resolved        proxyquire: '^1.3.0',
41 silly install resolved        'spawn-sync': '1.0.13' },
41 silly install resolved     scripts:
41 silly install resolved      { test: 'grunt test',
41 silly install resolved        ci: 'grunt travis',
41 silly install resolved        coveralls: 'coveralls' },
41 silly install resolved     bin: { bower: 'bin/bower' },
41 silly install resolved     files: [ 'bin', 'lib', 'templates' ],
41 silly install resolved     gitHead: 'a2f21e2703df020617bc35bbc2fb823c8a14b885',
41 silly install resolved     bugs: { url: 'https://github.com/bower/bower/issues' },
41 silly install resolved     bundleDependencies:
41 silly install resolved      [ 'abbrev',
41 silly install resolved        'archy',
41 silly install resolved        'bower-config',
41 silly install resolved        'bower-endpoint-parser',
41 silly install resolved        'bower-json',
41 silly install resolved        'bower-logger',
41 silly install resolved        'bower-registry-client',
41 silly install resolved        'cardinal',
41 silly install resolved        'chalk',
41 silly install resolved        'chmodr',
41 silly install resolved        'configstore',
41 silly install resolved        'decompress-zip',
41 silly install resolved        'destroy',
41 silly install resolved        'fs-write-stream-atomic',
41 silly install resolved        'fstream',
41 silly install resolved        'fstream-ignore',
41 silly install resolved        'github',
41 silly install resolved        'glob',
41 silly install resolved        'graceful-fs',
41 silly install resolved        'handlebars',
41 silly install resolved        'inquirer',
41 silly install resolved        'insight',
41 silly install resolved        'is-root',
41 silly install resolved        'junk',
41 silly install resolved        'lockfile',
41 silly install resolved        'lru-cache',
41 silly install resolved        'md5-hex',
41 silly install resolved        'mkdirp',
41 silly install resolved        'mout',
41 silly install resolved        'nopt',
41 silly install resolved        'opn',
41 silly install resolved        'p-throttler',
41 silly install resolved        'promptly',
41 silly install resolved        'q',
41 silly install resolved        'request',
41 silly install resolved        'request-progress',
41 silly install resolved        'retry',
41 silly install resolved        'rimraf',
41 silly install resolved        'semver',
41 silly install resolved        'shell-quote',
41 silly install resolved        'stringify-object',
41 silly install resolved        'tar-fs',
41 silly install resolved        'tmp',
41 silly install resolved        'update-notifier',
41 silly install resolved        'user-home',
41 silly install resolved        'which' ],
41 silly install resolved     _id: 'bower@1.7.2',
41 silly install resolved     _shasum: 'b04228f9970f11777017e64ae39d71f9346c9575',
41 silly install resolved     _from: 'bower@*',
41 silly install resolved     _npmVersion: '2.14.15',
41 silly install resolved     _nodeVersion: '4.2.3',
41 silly install resolved     _npmUser: { name: 'vladikoff', email: 'vlad@vladikoff.com' },
41 silly install resolved     maintainers:
41 silly install resolved      [ [Object],
41 silly install resolved        [Object],
41 silly install resolved        [Object],
41 silly install resolved        [Object],
41 silly install resolved        [Object],
41 silly install resolved        [Object],
41 silly install resolved        [Object] ],
41 silly install resolved     dist:
41 silly install resolved      { shasum: 'b04228f9970f11777017e64ae39d71f9346c9575',
41 silly install resolved        tarball: 'http://registry.npmjs.org/bower/-/bower-1.7.2.tgz' },
41 silly install resolved     directories: {},
41 silly install resolved     _resolved: 'https://registry.npmjs.org/bower/-/bower-1.7.2.tgz',
41 silly install resolved     readme: 'ERROR: No README data found!' } ]
42 info install bower@1.7.2 into C:\Program Files (x86)\Git\local
43 info installOne bower@1.7.2
44 verbose installOne of bower to C:\Program Files (x86)\Git\local not in flight; installing
45 verbose lock using C:\Users\i312558\AppData\Roaming\npm-cache\_locks\bower-7d6dc236b61568d9.lock for C:\Program Files (x86)\Git\local\node_modules\bower
46 silly install write writing bower 1.7.2 to C:\Program Files (x86)\Git\local\node_modules\bower
47 verbose unbuild node_modules\bower
48 info preuninstall bower@1.5.3
49 info uninstall bower@1.5.3
50 verbose unbuild rmStuff bower@1.5.3 from C:\Program Files (x86)\Git\local\node_modules
51 silly gentlyRm C:\Program Files (x86)\Git\local\bower.cmd is being gently removed
52 silly gentlyRm verifying C:\Program Files (x86)\Git\local is an npm working directory
53 silly gentlyRm containing path C:\Program Files (x86)\Git\local is under npm's control, in C:\Program Files (x86)\Git\local
54 silly gentlyRm deletion target C:\Program Files (x86)\Git\local\bower.cmd is under C:\Program Files (x86)\Git\local
55 verbose gentlyRm vacuuming from C:\Program Files (x86)\Git\local\bower.cmd up to C:\Program Files (x86)\Git\local
56 silly vacuum-fs removing C:\Program Files (x86)\Git\local\bower.cmd
57 verbose unlock done using C:\Users\i312558\AppData\Roaming\npm-cache\_locks\bower-7d6dc236b61568d9.lock for C:\Program Files (x86)\Git\local\node_modules\bower
58 verbose stack Error: EPERM: operation not permitted, unlink 'C:\Program Files (x86)\Git\local\bower.cmd'
58 verbose stack     at Error (native)
59 verbose cwd c:\Users\i312558\Documents\workspace-web\google-slides
60 error Windows_NT 6.3.9600
61 error argv "c:\\program files\\nodejs\\node.exe" "c:\\program files\\nodejs\\node_modules\\npm\\bin\\npm-cli.js" "install" "-g" "bower"
62 error node v4.0.0
63 error npm  v2.14.2
64 error path C:\Program Files (x86)\Git\local\bower.cmd
65 error code EPERM
66 error errno -4048
67 error syscall unlink
68 error Error: EPERM: operation not permitted, unlink 'C:\Program Files (x86)\Git\local\bower.cmd'
68 error     at Error (native)
68 error  { [Error: EPERM: operation not permitted, unlink 'C:\Program Files (x86)\Git\local\bower.cmd']
68 error   errno: -4048,
68 error   code: 'EPERM',
68 error   syscall: 'unlink',
68 error   path: 'C:\\Program Files (x86)\\Git\\local\\bower.cmd' }
69 error Please try running this command again as root/Administrator.
70 verbose exit [ -4048, true ]
71 verbose unbuild node_modules\bower
72 info preuninstall bower@1.5.3
73 info uninstall bower@1.5.3
74 verbose unbuild rmStuff bower@1.5.3 from C:\Program Files (x86)\Git\local\node_modules
75 silly gentlyRm C:\Program Files (x86)\Git\local\bower.cmd is being gently removed
76 silly gentlyRm verifying C:\Program Files (x86)\Git\local is an npm working directory
77 silly gentlyRm containing path C:\Program Files (x86)\Git\local is under npm's control, in C:\Program Files (x86)\Git\local
78 silly gentlyRm deletion target C:\Program Files (x86)\Git\local\bower.cmd is under C:\Program Files (x86)\Git\local
79 verbose gentlyRm vacuuming from C:\Program Files (x86)\Git\local\bower.cmd up to C:\Program Files (x86)\Git\local
80 silly vacuum-fs removing C:\Program Files (x86)\Git\local\bower.cmd
81 error error rolling back Error: EPERM: operation not permitted, unlink 'C:\Program Files (x86)\Git\local\bower.cmd'
81 error error rolling back     at Error (native)
81 error error rolling back  { [Error: EPERM: operation not permitted, unlink 'C:\Program Files (x86)\Git\local\bower.cmd']
81 error error rolling back   errno: -4048,
81 error error rolling back   code: 'EPERM',
81 error error rolling back   syscall: 'unlink',
81 error error rolling back   path: 'C:\\Program Files (x86)\\Git\\local\\bower.cmd' }
